2018年6月13日18时29分25秒 服务器启动成功
2018年6月13日18时30分32秒 服务器启动成功
2018年6月13日18时30分49秒 服务器启动成功
2018年6月13日18时32分5秒 服务器启动成功
2018年6月13日18时32分23秒 服务器启动成功
2018年6月13日18时33分26秒 服务器启动成功
2018年6月13日18时33分38秒 服务器启动成功
2018年6月13日18时34分30秒 服务器启动成功
2018年6月13日18时36分48秒 服务器启动成功
2018年6月13日18时37分13秒 服务器启动成功
2018年6月13日18时37分29秒 服务器启动成功
2018年6月13日18时37分37秒 服务器启动成功
2018年6月13日18时37分54秒 服务器启动成功
2018年6月13日18时38分3秒 服务器启动成功
2018年6月13日18时38分11秒 服务器启动成功
2018年6月13日18时38分26秒 服务器启动成功
2018年6月13日18时39分8秒 服务器启动成功
2018年6月13日18时39分31秒 服务器启动成功
2018年6月13日18时39分49秒 服务器启动成功
2018年6月13日18时40分12秒 服务器启动成功
2018年6月13日18时40分31秒 服务器启动成功
2018年6月13日18时41分13秒 服务器启动成功
2018年6月13日18时41分27秒 服务器启动成功
2018年6月13日18时55分16秒 服务器启动成功
2018年6月13日20时13分39秒 服务器启动成功
2018年6月13日20时14分11秒 服务器启动成功
2018年6月13日20时14分48秒 服务器启动成功
2018年6月13日20时15分15秒 服务器启动成功
2018年6月13日20时15分39秒 服务器启动成功
2018年6月13日20时15分40秒 http连接:127.0.0.1:8091 GET:\data.php?
2018年6月13日20时15分41秒 http连接:127.0.0.1:8091 GET:\data.php?
2018年6月13日20时15分44秒 http连接:127.0.0.1:8091 GET:\?
2018年6月13日20时15分56秒 服务器启动成功
2018年6月13日20时15分57秒 http连接:127.0.0.1:8091 GET:\?
2018年6月13日20时16分23秒 服务器启动成功
2018年6月13日20时16分24秒 http连接:127.0.0.1:8091 GET:\?
2018年6月13日20时16分36秒 服务器启动成功
2018年6月13日20时16分51秒 服务器启动成功
2018年6月13日20时16分53秒 http连接:127.0.0.1:8091 GET:\?
2018年6月13日20时17分26秒 服务器启动成功
2018年6月13日20时18分42秒 服务器启动成功
2018年6月13日20时19分 服务器启动成功
2018年6月13日20时19分11秒 服务器启动成功
2018年6月13日20时19分18秒 服务器启动成功
2018年6月13日20时20分55秒 服务器启动成功
2018年6月13日20时20分59秒 服务器关闭
2018年6月13日20时22分14秒 服务器启动成功
2018年6月13日20时37分57秒 服务器启动成功
2018年6月13日20时38分42秒 服务器启动成功
2018年6月13日20时39分44秒 服务器启动成功
2018年6月13日20时41分53秒 服务器启动成功
2018年6月13日20时46分17秒 服务器启动成功
2018年6月13日20时47分55秒 服务器启动成功
2018年6月13日20时48分47秒 服务器启动成功
2018年6月13日20时49分9秒 服务器启动成功
2018年6月13日20时50分1秒 服务器启动成功
2018年6月13日20时50分9秒 服务器启动成功
2018年6月13日20时51分31秒 服务器启动成功
2018年6月13日20时51分44秒 服务器启动成功
2018年6月13日20时51分50秒 服务器启动成功
2018年6月13日20时52分29秒 服务器启动成功
2018年6月13日20时52分30秒 服务器关闭
2018年6月13日20时52分31秒 服务器启动成功
2018年6月13日20时52分32秒 服务器关闭
2018年6月13日20时52分33秒 服务器启动成功
2018年6月13日20时52分34秒 服务器关闭
2018年6月13日20时52分34秒 服务器启动成功
2018年6月13日20时54分24秒 服务器启动成功
2018年6月13日20时54分32秒 服务器启动成功
2018年6月13日20时54分37秒 服务器启动成功
2018年6月13日20时56分22秒 服务器启动成功
2018年6月13日20时56分28秒 服务器启动成功
2018年6月13日20时56分35秒 服务器启动成功
2018年6月13日20时57分35秒 服务器启动成功
2018年6月13日20时59分11秒 服务器启动成功
2018年6月13日20时59分27秒 服务器启动成功
2018年6月13日20时59分42秒 服务器启动成功
2018年6月13日20时59分48秒 服务器启动成功
2018年6月13日21时0分5秒 服务器启动成功
2018年6月13日21时0分49秒 服务器启动成功
2018年6月13日21时0分56秒 服务器启动成功
2018年6月13日21时1分10秒 服务器启动成功
2018年6月13日21时3分50秒 服务器启动成功
2018年6月13日21时4分42秒 服务器启动成功
2018年6月13日21时5分7秒 服务器启动成功
2018年6月13日21时5分19秒 服务器启动成功
2018年6月13日21时5分33秒 服务器启动成功
2018年6月13日21时5分55秒 服务器启动成功
2018年6月13日21时6分34秒 服务器启动成功
2018年6月13日21时6分51秒 服务器启动成功
2018年6月13日21时7分37秒 服务器启动成功
2018年6月13日21时9分12秒 服务器启动成功
2018年6月13日21时10分17秒 服务器启动成功
2018年6月13日21时10分34秒 服务器启动成功
2018年6月13日21时10分56秒 服务器启动成功
2018年6月13日21时12分 服务器启动成功
2018年6月13日21时12分8秒 服务器关闭
2018年6月13日21时12分15秒 服务器启动成功
2018年6月13日21时14分15秒 服务器启动成功
2018年6月13日21时14分19秒 服务器关闭
2018年6月13日21时15分3秒 服务器启动成功
2018年6月13日21时15分5秒 服务器关闭
2018年6月13日21时15分42秒 服务器启动成功
2018年6月13日21时15分43秒 服务器关闭
2018年6月13日21时15分52秒 服务器启动成功
2018年6月13日21时18分47秒 服务器关闭
2018年6月13日21时34分51秒 服务器启动成功
2018年6月13日22时14分15秒 服务器启动成功
2018年6月13日22时14分35秒 服务器关闭
2018年6月13日22时17分50秒 服务器启动成功
2018年6月13日22时18分5秒 http连接:127.0.0.1:8091 GET:\test.dll?mone=1&a=1
2018年6月13日22时18分5秒 http连接:127.0.0.1:8091 GET:\test.dll?mone=1&a=1
2018年6月13日22时18分44秒 http连接:127.0.0.1:8091 GET:\test.dll?mone=1&a=1
2018年6月13日22时18分44秒 http连接:127.0.0.1:8091 GET:\test.dll?mone=1&a=1
